<?xml version="1.0" encoding="UTF-8"?>
<testsuite xmlns:xsi="http://www.w3.org/2001/XMLSchema-instance" xsi:noNamespaceSchemaLocation="https://maven.apache.org/surefire/maven-surefire-plugin/xsd/surefire-test-report-3.0.xsd" version="3.0" name="TestSuite" time="17.65" tests="1" errors="0" skipped="0" failures="0">
  <properties>
[...]
</properties>
  <testcase name="uk_gbp_tt_buying_rate" classname="FetchExchangeRateGBP" time="14.151">
    <system-out><![CDATA[[INFO ] 2022-10-17 13:52:29.932 [main] WebDriverManager - Using geckodriver 0.32.0 (resolved driver for Firefox 105)
[INFO ] 2022-10-17 13:52:29.951 [main] WebDriverManager - Exporting webdriver.gecko.driver as /home/madhawa/.cache/selenium/geckodriver/linux64/0.32.0/geckodriver
[INFO ] 2022-10-17 13:52:45.597 [main] Log - Clicked element (JavaScript): adroll_allow_all
[INFO ] 2022-10-17 13:52:45.973 [main] Log - Waited for element presence: //*[@id='rates']/child::div/child::div/child::p
[INFO ] 2022-10-17 13:52:45.993 [main] Log - Waited for element presence: //*[@id='rates']/child::ul/following-sibling::div/child::div/child::table/child::tbody/child::tr[16]/child::td[1]
[INFO ] 2022-10-17 13:52:46.005 [main] Log - Waited for element presence: //*[@id='rates']/child::ul/following-sibling::div/child::div/child::table/child::tbody/child::tr[16]/child::td[2]
[INFO ] 2022-10-17 13:52:46.011 [main] Log - Daily Exchange rates as at 10/17/2022 8:47:50 AM: 405.3176 U.K. Pound
CURRENCY:U.K. Pound
TIMESTAMP:Daily Exchange rates as at 10/17/2022 8:47:50 AM
VALUE:405.3176
CURRENCY:U.K. Pound
TIMESTAMP:Daily Exchange rates as at 10/17/2022 8:47:50 AM
VALUE:405.3176
CURRENCY:U.K. Pound
TIMESTAMP:Daily Exchange rates as at 10/17/2022 8:47:50 AM
VALUE:405.3176
]]></system-out>
    <system-err><![CDATA[1665994950165	geckodriver	INFO	Listening on 127.0.0.1:39591
1665994950404	mozrunner::runner	INFO	Running command: "/usr/bin/firefox" "--marionette" "--headless" "--private" "--width=1920" "--height=1080" "--remote-debugging-port" "57955" "--remote-allow-hosts" "localhost" "--remote-allow-origins" "http://127.0.0.1:57955/,http://localhost:57955/,http://[::1]:57955/" "-no-remote" "-profile" "/tmp/rust_mozprofilerwKLgA"
*** You are running in headless mode.
[GFX1-]: glxtest: VA-API test failed: failed to initialise VAAPI connection.
1665994950752	Marionette	INFO	Marionette enabled
1665994950755	Marionette	INFO	Listening on port 36847
Read port: 36847
WebDriver BiDi listening on ws://127.0.0.1:57955
1665994950855	RemoteAgent	WARN	TLS certificate errors will be ignored for this session
[GFX1-]: RenderCompositorSWGL failed mapping default framebuffer, no dt
console.warn: SearchSettings: "get: No settings file exists, new profile?" (new NotFoundError("Could not open the file at /tmp/rust_mozprofilerwKLgA/search.json.mozlz4", (void 0)))
JavaScript error: resource://gre/modules/XULStore.jsm, line 58: Error: Can't find profile directory.
Missing chrome or resource URL: resource://gre/modules/UpdateListener.sys.mjs
DevTools listening on ws://127.0.0.1:57955/devtools/browser/1b313cfc-e06f-4951-a219-f95022f9966f
Oct 17, 2022 1:52:31 PM org.openqa.selenium.remote.ProtocolHandshake createSession
INFO: Detected upstream dialect: W3C
JavaScript error: https://www.sampath.lk/media/jui/js/chosen.jquery.min.js?ee702dc40ff6496f89a9ca38bb974d8e, line 1: ReferenceError: jQuery is not defined
JavaScript error: https://www.sampath.lk/media/jui/js/bootstrap.min.js?ee702dc40ff6496f89a9ca38bb974d8e, line 8: TypeError: e is not a function
JavaScript error: https://www.sampath.lk/en/exchange-rates, line 23: ReferenceError: jQuery is not defined
JavaScript warning: https://ajax.googleapis.com/ajax/libs/jquery/1.9.1/jquery.min.js, line 2: Using //@ to indicate sourceMappingURL pragmas is deprecated. Use //# instead
]]></system-err>
  </testcase>
</testsuite>