<?xml version="1.0" encoding="UTF-8"?>
<testng-results ignored="0" total="1" passed="1" failed="0" skipped="0">
  <reporter-output>
  </reporter-output>
  <suite started-at="2022-10-17T13:52:29 IST" name="Sampath Bank Exchange Rates for UK Pound T/T Buying" finished-at="2022-10-17T13:52:46 IST" duration-ms="16908">
    <groups>
    </groups>
    <test started-at="2022-10-17T13:52:29 IST" name="Sampath Bank Exchange Rates for UK Pound T/T Buying" finished-at="2022-10-17T13:52:46 IST" duration-ms="16908">
      <class name="FetchExchangeRateGBP">
        <test-method is-config="true" signature="delete_test_reports_and_screenshots_of_previous_runs()[pri:0, instance:FetchExchangeRateGBP@36b0fcd5]" started-at="2022-10-17T13:52:29 IST" name="delete_test_reports_and_screenshots_of_previous_runs" finished-at="2022-10-17T13:52:29 IST" duration-ms="8" status="PASS">
          <reporter-output>
          </reporter-output>
        </test-method> <!-- delete_test_reports_and_screenshots_of_previous_runs -->
        <test-method is-config="true" signature="initiate_browser_instance()[pri:0, instance:FetchExchangeRateGBP@36b0fcd5]" started-at="2022-10-17T13:52:29 IST" name="initiate_browser_instance" finished-at="2022-10-17T13:52:31 IST" duration-ms="2196" status="PASS">
          <reporter-output>
          </reporter-output>
        </test-method> <!-- initiate_browser_instance -->
        <test-method signature="uk_gbp_tt_buying_rate()[pri:0, instance:FetchExchangeRateGBP@36b0fcd5]" started-at="2022-10-17T13:52:31 IST" name="uk_gbp_tt_buying_rate" finished-at="2022-10-17T13:52:46 IST" duration-ms="14150" status="PASS">
          <reporter-output>
          </reporter-output>
        </test-method> <!-- uk_gbp_tt_buying_rate -->
        <test-method is-config="true" signature="teardown(org.testng.ITestResult)[pri:0, instance:FetchExchangeRateGBP@36b0fcd5]" started-at="2022-10-17T13:52:46 IST" name="teardown" finished-at="2022-10-17T13:52:46 IST" duration-ms="537" status="PASS">
          <params>
            <param index="0">
              <value>
                <![CDATA[[TestResult name=uk_gbp_tt_buying_rate status=SUCCESS method=FetchExchangeRateGBP.uk_gbp_tt_buying_rate()[pri:0, instance:FetchExchangeRateGBP@36b0fcd5] output={null}]]]>
              </value>
            </param>
          </params>
          <reporter-output>
          </reporter-output>
        </test-method> <!-- teardown -->
      </class> <!-- FetchExchangeRateGBP -->
    </test> <!-- Sampath Bank Exchange Rates for UK Pound T/T Buying -->
  </suite> <!-- Sampath Bank Exchange Rates for UK Pound T/T Buying -->
</testng-results>
